<?xml version="1.0" encoding="UTF-8"?>
<testng-results ignored="3" total="16" passed="12" failed="1" skipped="0">
  <reporter-output>
  </reporter-output>
  <suite started-at="2025-12-31T01:03:55 MST" name="Intelligent Portfolio" finished-at="2025-12-31T01:03:55 MST" duration-ms="89">
    <groups>
      <group name="regression">
        <method signature="Day_One_Basics_2.Hello8()[pri:0, instance:test.Day_One_Basics_2@6221a451]" name="Hello8" class="test.Day_One_Basics_2"/>
      </group> <!-- regression -->
      <group name="smoke">
        <method signature="Day_One_Basics_1.Hello2()[pri:0, instance:test.Day_One_Basics_1@36916eb0]" name="Hello2" class="test.Day_One_Basics_1"/>
        <method signature="Day_One_Basics_1.Hello3()[pri:0, instance:test.Day_One_Basics_1@36916eb0]" name="Hello3" class="test.Day_One_Basics_1"/>
        <method signature="Day_One_Basics_2.Hello8()[pri:0, instance:test.Day_One_Basics_2@6221a451]" name="Hello8" class="test.Day_One_Basics_2"/>
        <method signature="Day_One_Basics_3.Hello11()[pri:0, instance:test.Day_One_Basics_3@19e4653c]" name="Hello11" class="test.Day_One_Basics_3"/>
        <method signature="Day_One_Basics_4.Hello16()[pri:0, instance:test.Day_One_Basics_4@795509d9]" name="Hello16" class="test.Day_One_Basics_4"/>
      </group> <!-- smoke -->
      <group name="sanity">
        <method signature="Day_One_Basics_1.Hello3()[pri:0, instance:test.Day_One_Basics_1@36916eb0]" name="Hello3" class="test.Day_One_Basics_1"/>
      </group> <!-- sanity -->
      <group name="manual">
        <method signature="Day_One_Basics_3.Hello11()[pri:0, instance:test.Day_One_Basics_3@19e4653c]" name="Hello11" class="test.Day_One_Basics_3"/>
        <method signature="Day_One_Basics_4.Hello16()[pri:0, instance:test.Day_One_Basics_4@795509d9]" name="Hello16" class="test.Day_One_Basics_4"/>
      </group> <!-- manual -->
    </groups>
    <test started-at="2025-12-31T01:03:55 MST" name="Account Open" finished-at="2025-12-31T01:03:55 MST" duration-ms="34">
      <class name="test.Day_One_Basics_1">
        <test-method signature="Hello1()[pri:0, instance:test.Day_One_Basics_1@36916eb0]" started-at="2025-12-31T01:03:55 MST" name="Hello1" finished-at="2025-12-31T01:03:55 MST" duration-ms="2" status="PASS">
          <reporter-output>
          </reporter-output>
        </test-method> <!-- Hello1 -->
        <test-method signature="Hello2()[pri:0, instance:test.Day_One_Basics_1@36916eb0]" started-at="2025-12-31T01:03:55 MST" name="Hello2" finished-at="2025-12-31T01:03:55 MST" duration-ms="1" status="PASS">
          <reporter-output>
          </reporter-output>
        </test-method> <!-- Hello2 -->
        <test-method signature="Hello3()[pri:0, instance:test.Day_One_Basics_1@36916eb0]" started-at="2025-12-31T01:03:55 MST" name="Hello3" finished-at="2025-12-31T01:03:55 MST" duration-ms="0" status="PASS">
          <reporter-output>
          </reporter-output>
        </test-method> <!-- Hello3 -->
        <test-method signature="Hello4()[pri:0, instance:test.Day_One_Basics_1@36916eb0]" started-at="2025-12-31T01:03:55 MST" name="Hello4" finished-at="2025-12-31T01:03:55 MST" duration-ms="0" status="PASS">
          <reporter-output>
          </reporter-output>
        </test-method> <!-- Hello4 -->
      </class> <!-- test.Day_One_Basics_1 -->
      <class name="test.Day_One_Basics_2">
        <test-method is-config="true" signature="MyBeforeTestMethod()[pri:0, instance:test.Day_One_Basics_2@6221a451]" started-at="2025-12-31T01:03:55 MST" name="MyBeforeTestMethod" finished-at="2025-12-31T01:03:55 MST" duration-ms="5" status="PASS">
          <reporter-output>
          </reporter-output>
        </test-method> <!-- MyBeforeTestMethod -->
        <test-method signature="Hello5()[pri:0, instance:test.Day_One_Basics_2@6221a451]" started-at="2025-12-31T01:03:55 MST" name="Hello5" finished-at="2025-12-31T01:03:55 MST" duration-ms="0" status="PASS">
          <reporter-output>
          </reporter-output>
        </test-method> <!-- Hello5 -->
        <test-method signature="Hello6()[pri:0, instance:test.Day_One_Basics_2@6221a451]" started-at="2025-12-31T01:03:55 MST" name="Hello6" finished-at="2025-12-31T01:03:55 MST" duration-ms="0" status="PASS">
          <reporter-output>
          </reporter-output>
        </test-method> <!-- Hello6 -->
        <test-method signature="Hello8()[pri:0, instance:test.Day_One_Basics_2@6221a451]" started-at="2025-12-31T01:03:55 MST" name="Hello8" finished-at="2025-12-31T01:03:55 MST" duration-ms="0" status="PASS">
          <reporter-output>
          </reporter-output>
        </test-method> <!-- Hello8 -->
        <test-method is-config="true" signature="MyAfterTestMethod()[pri:0, instance:test.Day_One_Basics_2@6221a451]" started-at="2025-12-31T01:03:55 MST" name="MyAfterTestMethod" finished-at="2025-12-31T01:03:55 MST" duration-ms="0" status="PASS">
          <reporter-output>
          </reporter-output>
        </test-method> <!-- MyAfterTestMethod -->
      </class> <!-- test.Day_One_Basics_2 -->
    </test> <!-- Account Open -->
    <test started-at="2025-12-31T01:03:55 MST" name="Transfers" finished-at="2025-12-31T01:03:55 MST" duration-ms="10">
      <class name="test.Day_One_Basics_3">
        <test-method signature="Hello9()[pri:0, instance:test.Day_One_Basics_3@19e4653c]" started-at="2025-12-31T01:03:55 MST" name="Hello9" finished-at="2025-12-31T01:03:55 MST" duration-ms="0" status="PASS">
          <reporter-output>
          </reporter-output>
        </test-method> <!-- Hello9 -->
        <test-method signature="Hello10()[pri:0, instance:test.Day_One_Basics_3@19e4653c]" started-at="2025-12-31T01:03:55 MST" name="Hello10" finished-at="2025-12-31T01:03:55 MST" duration-ms="0" status="PASS">
          <reporter-output>
          </reporter-output>
        </test-method> <!-- Hello10 -->
        <test-method signature="Hello11()[pri:0, instance:test.Day_One_Basics_3@19e4653c]" started-at="2025-12-31T01:03:55 MST" name="Hello11" finished-at="2025-12-31T01:03:55 MST" duration-ms="0" status="PASS">
          <reporter-output>
          </reporter-output>
        </test-method> <!-- Hello11 -->
        <test-method signature="Hello12()[pri:0, instance:test.Day_One_Basics_3@19e4653c]" started-at="2025-12-31T01:03:55 MST" name="Hello12" finished-at="2025-12-31T01:03:55 MST" duration-ms="0" status="PASS">
          <reporter-output>
          </reporter-output>
        </test-method> <!-- Hello12 -->
      </class> <!-- test.Day_One_Basics_3 -->
      <class name="test.Day_One_Basics_4">
        <test-method signature="Hello13()[pri:0, instance:test.Day_One_Basics_4@795509d9]" started-at="2025-12-31T01:03:55 MST" name="Hello13" finished-at="2025-12-31T01:03:55 MST" duration-ms="0" status="PASS">
          <reporter-output>
          </reporter-output>
        </test-method> <!-- Hello13 -->
        <test-method signature="Hello16()[pri:0, instance:test.Day_One_Basics_4@795509d9]" started-at="2025-12-31T01:03:55 MST" name="Hello16" finished-at="2025-12-31T01:03:55 MST" duration-ms="1" status="FAIL">
          <exception class="java.lang.AssertionError">
            <message>
              <![CDATA[null]]>
            </message>
            <full-stacktrace>
              <![CDATA[java.lang.AssertionError: null
at org.testng.Assert.fail(Assert.java:111)
at org.testng.Assert.fail(Assert.java:116)
at test.Day_One_Basics_4.Hello16(Day_One_Basics_4.java:25)
at java.base/jdk.internal.reflect.NativeMethodAccessorImpl.invoke0(Native Method)
at java.base/jdk.internal.reflect.NativeMethodAccessorImpl.invoke(NativeMethodAccessorImpl.java:77)
at java.base/jdk.internal.reflect.DelegatingMethodAccessorImpl.invoke(DelegatingMethodAccessorImpl.java:43)
at java.base/java.lang.reflect.Method.invoke(Method.java:568)
at org.testng.internal.invokers.MethodInvocationHelper.invokeMethod(MethodInvocationHelper.java:141)
at org.testng.internal.invokers.TestInvoker.invokeMethod(TestInvoker.java:687)
at org.testng.internal.invokers.TestInvoker.invokeTestMethod(TestInvoker.java:230)
at org.testng.internal.invokers.MethodRunner.runInSequence(MethodRunner.java:63)
at org.testng.internal.invokers.TestInvoker$MethodInvocationAgent.invoke(TestInvoker.java:995)
at org.testng.internal.invokers.TestInvoker.invokeTestMethods(TestInvoker.java:203)
at org.testng.internal.invokers.TestMethodWorker.invokeTestMethods(TestMethodWorker.java:154)
at org.testng.internal.invokers.TestMethodWorker.run(TestMethodWorker.java:134)
at java.base/java.util.ArrayList.forEach(ArrayList.java:1511)
at org.testng.TestRunner.privateRun(TestRunner.java:741)
at org.testng.TestRunner.run(TestRunner.java:616)
at org.testng.SuiteRunner.runTest(SuiteRunner.java:421)
at org.testng.SuiteRunner.runSequentially(SuiteRunner.java:413)
at org.testng.SuiteRunner.privateRun(SuiteRunner.java:373)
at org.testng.SuiteRunner.run(SuiteRunner.java:312)
at org.testng.SuiteRunnerWorker.runSuite(SuiteRunnerWorker.java:52)
at org.testng.SuiteRunnerWorker.run(SuiteRunnerWorker.java:95)
at org.testng.TestNG.runSuitesSequentially(TestNG.java:1274)
at org.testng.TestNG.runSuitesLocally(TestNG.java:1208)
at org.testng.TestNG.runSuites(TestNG.java:1112)
at org.testng.TestNG.run(TestNG.java:1079)
at org.testng.remote.AbstractRemoteTestNG.run(AbstractRemoteTestNG.java:115)
at org.testng.remote.RemoteTestNG.initAndRun(RemoteTestNG.java:293)
at org.testng.remote.RemoteTestNG.main(RemoteTestNG.java:91)
]]>
            </full-stacktrace>
          </exception> <!-- java.lang.AssertionError -->
          <reporter-output>
          </reporter-output>
        </test-method> <!-- Hello16 -->
      </class> <!-- test.Day_One_Basics_4 -->
    </test> <!-- Transfers -->
  </suite> <!-- Intelligent Portfolio -->
</testng-results>
