<?xml version="1.0" encoding="UTF-8"?>
<!-- Generated by org.testng.reporters.JUnitXMLReporter -->
<testsuite ignored="4" hostname="Naveens-MacBook-Air.local" failures="0" tests="1" name="Default test" time="1.875" errors="0" timestamp="2026-03-29T02:55:01 MDT">
  <testcase classname="naveennarayananacademy.javatests.ApiTests" name="loginWithValidData" time="1.51"/>
  <testcase classname="naveennarayananacademy.javatests.ApiTests" name="registerUserRegisterJSONFile" time="0.0">
    <ignored/>
  </testcase> <!-- registerUserRegisterJSONFile -->
  <testcase classname="naveennarayananacademy.javatests.ApiTests" name="registerUserRegister" time="0.0">
    <ignored/>
  </testcase> <!-- registerUserRegister -->
  <testcase classname="naveennarayananacademy.javatests.ApiTests" name="registerUserRegister_usingPOJO" time="0.0">
    <ignored/>
  </testcase> <!-- registerUserRegister_usingPOJO -->
  <testcase classname="naveennarayananacademy.javatests.ApiTests" name="registerUserDuplicateData_usingPOJO" time="0.0">
    <ignored/>
  </testcase> <!-- registerUserDuplicateData_usingPOJO -->
</testsuite> <!-- Default test -->
