<?xml version="1.0" encoding="UTF-8"?>
<!-- Generated by org.testng.reporters.JUnitXMLReporter -->
<testsuite ignored="2" hostname="Naveens-MacBook-Air.local" failures="0" tests="1" name="Default test" time="1.839" errors="0" timestamp="2026-03-28T18:39:50 MDT">
  <testcase classname="naveennarayananacademy.javatests.ApiTests" name="registerUserRegister_usingPOJO" time="1.556"/>
  <testcase classname="naveennarayananacademy.javatests.ApiTests" name="registerUserRegisterJSONFile" time="0.0">
    <ignored/>
  </testcase> <!-- registerUserRegisterJSONFile -->
  <testcase classname="naveennarayananacademy.javatests.ApiTests" name="registerUserRegister" time="0.0">
    <ignored/>
  </testcase> <!-- registerUserRegister -->
</testsuite> <!-- Default test -->
