<?xml version="1.0" encoding="UTF-8"?>
<!-- Generated by org.testng.reporters.JUnitReportReporter -->
<testsuite hostname="Naveens-MacBook-Air.local" failures="0" tests="2" name="cucumberTests.TestNG_TestRunner" time="16.870" errors="0" timestamp="2026-01-13T09:30:38 MST" skipped="0">
  <testcase classname="cucumberTests.TestNG_TestRunner" name="runScenario" time="9.689"/>
  <testcase classname="cucumberTests.TestNG_TestRunner" name="runScenario" time="7.181"/>
</testsuite> <!-- cucumberTests.TestNG_TestRunner -->
