<?xml version="1.0" encoding="UTF-8"?>
<!-- Generated by org.testng.reporters.JUnitReportReporter -->
<testsuite hostname="Naveens-MacBook-Air.local" failures="0" tests="4" name="test.Day_One_Basics" time="0.005" errors="0" timestamp="2025-12-24T21:23:00 MST" skipped="0">
  <testcase classname="test.Day_One_Basics" name="secondTestDummy" time="0.001"/>
  <testcase classname="test.Day_One_Basics" name="Demo" time="0.003"/>
  <testcase classname="test.Day_One_Basics" name="Hello3" time="0.000"/>
  <testcase classname="test.Day_One_Basics" name="Hello4" time="0.001"/>
</testsuite> <!-- test.Day_One_Basics -->
