<?xml version="1.0" encoding="UTF-8"?>
<!-- Generated by org.testng.reporters.JUnitReportReporter -->
<testsuite hostname="Naveens-MacBook-Air.local" failures="0" tests="4" name="test.Day_One_Basics_1" time="0.003" errors="0" timestamp="2025-12-31T01:03:55 MST" skipped="0">
  <testcase classname="test.Day_One_Basics_1" name="Hello1" time="0.002"/>
  <testcase classname="test.Day_One_Basics_1" name="Hello2" time="0.001"/>
  <testcase classname="test.Day_One_Basics_1" name="Hello4" time="0.000"/>
  <testcase classname="test.Day_One_Basics_1" name="Hello3" time="0.000"/>
</testsuite> <!-- test.Day_One_Basics_1 -->
