<?xml version="1.0" encoding="UTF-8"?>
<!-- Generated by org.testng.reporters.JUnitReportReporter -->
<testsuite hostname="Naveens-MacBook-Air.local" failures="0" tests="4" name="test.Day_One_Basics_3" time="0.000" errors="0" timestamp="2025-12-31T01:03:55 MST" skipped="0">
  <testcase classname="test.Day_One_Basics_3" name="Hello10" time="0.000"/>
  <testcase classname="test.Day_One_Basics_3" name="Hello12" time="0.000"/>
  <testcase classname="test.Day_One_Basics_3" name="Hello9" time="0.000"/>
  <testcase classname="test.Day_One_Basics_3" name="Hello11" time="0.000"/>
</testsuite> <!-- test.Day_One_Basics_3 -->
