<?xml version="1.0" encoding="UTF-8"?>
<!-- Generated by org.testng.reporters.JUnitReportReporter -->
<testsuite hostname="Naveens-MacBook-Air.local" failures="0" tests="3" name="test.Day_One_Basics_2" time="0.000" errors="0" timestamp="2025-12-31T01:03:55 MST" skipped="0">
  <testcase classname="test.Day_One_Basics_2" name="Hello6" time="0.000"/>
  <testcase classname="test.Day_One_Basics_2" name="Hello5" time="0.000"/>
  <testcase classname="test.Day_One_Basics_2" name="Hello8" time="0.000"/>
</testsuite> <!-- test.Day_One_Basics_2 -->
