<?xml version="1.0" encoding="UTF-8"?>
<!-- Generated by org.testng.reporters.JUnitXMLReporter -->
<testsuite ignored="1" hostname="Naveens-MacBook-Air.local" failures="0" tests="7" name="Account Open" time="0.034" errors="0" timestamp="2025-12-31T01:03:55 MST">
  <testcase classname="test.Day_One_Basics_1" name="Hello1" time="0.002"/>
  <testcase classname="test.Day_One_Basics_1" name="Hello2" time="0.001"/>
  <testcase classname="test.Day_One_Basics_1" name="Hello3" time="0.0"/>
  <testcase classname="test.Day_One_Basics_1" name="Hello4" time="0.0"/>
  <testcase classname="test.Day_One_Basics_2" name="Hello5" time="0.0"/>
  <testcase classname="test.Day_One_Basics_2" name="Hello6" time="0.0"/>
  <testcase classname="test.Day_One_Basics_2" name="Hello8" time="0.0"/>
  <testcase classname="test.Day_One_Basics_2" name="Hello7" time="0.0">
    <ignored/>
  </testcase> <!-- Hello7 -->
</testsuite> <!-- Account Open -->
