<?xml version="1.0" encoding="UTF-8"?>
<!-- Generated by org.testng.reporters.JUnitXMLReporter -->
<testsuite ignored="2" hostname="Naveens-MacBook-Air.local" failures="1" tests="6" name="Transfers" time="0.01" errors="0" timestamp="2025-12-31T01:03:55 MST">
  <testcase classname="test.Day_One_Basics_3" name="Hello9" time="0.0"/>
  <testcase classname="test.Day_One_Basics_3" name="Hello10" time="0.0"/>
  <testcase classname="test.Day_One_Basics_3" name="Hello11" time="0.0"/>
  <testcase classname="test.Day_One_Basics_3" name="Hello12" time="0.0"/>
  <testcase classname="test.Day_One_Basics_4" name="Hello13" time="0.0"/>
  <testcase classname="test.Day_One_Basics_4" name="Hello16" time="0.001">
    <failure type="java.lang.AssertionError" message="null">
      <![CDATA[java.lang.AssertionError: null
at test.Day_One_Basics_4.Hello16(Day_One_Basics_4.java:25)
at java.base/java.util.ArrayList.forEach(ArrayList.java:1511)
... Removed 29 stack frames]]>
    </failure>
  </testcase> <!-- Hello16 -->
  <testcase classname="test.Day_One_Basics_4" name="Mobile15" time="0.0">
    <ignored/>
  </testcase> <!-- Mobile15 -->
  <testcase classname="test.Day_One_Basics_4" name="Mobile14" time="0.0">
    <ignored/>
  </testcase> <!-- Mobile14 -->
</testsuite> <!-- Transfers -->
