<?xml version="1.0" encoding="UTF-8"?>
<testsuite xmlns:xsi="http://www.w3.org/2001/XMLSchema-instance" xsi:noNamespaceSchemaLocation="https://maven.apache.org/surefire/maven-surefire-plugin/xsd/surefire-test-report-3.0.xsd" version="3.0" name="cucumberTests.TestNG_TestRunner" time="18.034" tests="2" errors="0" skipped="0" failures="0">
  <properties>
[...]
</properties>
  <testcase name="runScenario[&quot;Incorrect Loginr&quot;, &quot;Error Validations&quot;](1)" classname="cucumberTests.TestNG_TestRunner" time="7.184">
    <system-out><![CDATA[
@ErrorValidation
Scenario Outline: Incorrect Loginr                                                                                  # src/test/java/cucumberTests/ErrorValidation.feature:14
chrome
  ✔ Given I land on eCommerce page                                                                                  # naveennarayananacademy.stepdefinitions.StepDefinitionImplementations.I_land_on_eCommerce_page()
  ✔ Given I logged in with the username twinklekhanna@gmail.com and password Test12345 and click on 'Submit' button # naveennarayananacademy.stepdefinitions.StepDefinitionImplementations.Login_with_the_username_and_password_and_click_on_Submit_button(java.lang.String,java.lang.String)
Incorrect email or password.
EXTENT PATH -> null
  ✔ But incorrect login error message is displayed                                                                  # naveennarayananacademy.stepdefinitions.StepDefinitionImplementations.incorrect_login_error_message_is_displayed()
]]></system-out>
    <system-err><![CDATA[SLF4J(W): No SLF4J providers were found.
SLF4J(W): Defaulting to no-operation (NOP) logger implementation
SLF4J(W): See https://www.slf4j.org/codes.html#noProviders for further details.
]]></system-err>
  </testcase>
  <testcase name="runScenario[&quot;Positive test of order&quot;, &quot;Test E2E order from the website&quot;](2)" classname="cucumberTests.TestNG_TestRunner" time="9.679">
    <system-out><![CDATA[
@Regression_Cucumber
Scenario Outline: Positive test of order                                                                           # src/test/java/cucumberTests/PurchaseOrder.feature:16
chrome
  ✔ Given I land on eCommerce page                                                                                 # naveennarayananacademy.stepdefinitions.StepDefinitionImplementations.I_land_on_eCommerce_page()
  ✔ Given I logged in with the username twinklekhanna@gmail.com and password Test1234 and click on 'Submit' button # naveennarayananacademy.stepdefinitions.StepDefinitionImplementations.Login_with_the_username_and_password_and_click_on_Submit_button(java.lang.String,java.lang.String)
[ADIDAS ORIGINAL]
  ✔ When I add the product name ADIDAS ORIGINAL to the cart                                                        # naveennarayananacademy.stepdefinitions.StepDefinitionImplementations.Add_the_product_to_the_cart(java.lang.String)

  ✔ And I enter the country as Canada and submit the Checkout page                                                 # naveennarayananacademy.stepdefinitions.StepDefinitionImplementations.enter_the_country_and_submit_the_Checkout_page(java.lang.String)
THANKYOU FOR THE ORDER.
  ✔ Then order confirmation page is displayes as expected and ADIDAS ORIGINAL is present on the confirmation page  # naveennarayananacademy.stepdefinitions.StepDefinitionImplementations.order_confirmation_page_validation(java.lang.String)
]]></system-out>
  </testcase>
</testsuite>