<?xml version="1.0" encoding="UTF-8"?>
<testng-results ignored="0" total="1" passed="1" failed="0" skipped="0">
  <reporter-output>
  </reporter-output>
  <suite started-at="2026-03-29T02:54:59 MDT" name="Default suite" finished-at="2026-03-29T02:55:01 MDT" duration-ms="1875">
    <groups>
    </groups>
    <test started-at="2026-03-29T02:54:59 MDT" name="Default test" finished-at="2026-03-29T02:55:01 MDT" duration-ms="1875">
      <class name="naveennarayananacademy.javatests.ApiTests">
        <test-method is-config="true" signature="setup()[pri:0, instance:naveennarayananacademy.javatests.ApiTests@22555ebf]" started-at="2026-03-29T02:54:59 MDT" name="setup" finished-at="2026-03-29T02:55:00 MDT" duration-ms="147" status="PASS">
          <reporter-output>
          </reporter-output>
        </test-method> <!-- setup -->
        <test-method is-config="true" signature="createRequestSpecification()[pri:0, instance:naveennarayananacademy.javatests.ApiTests@22555ebf]" started-at="2026-03-29T02:55:00 MDT" name="createRequestSpecification" finished-at="2026-03-29T02:55:00 MDT" duration-ms="109" status="PASS">
          <reporter-output>
          </reporter-output>
        </test-method> <!-- createRequestSpecification -->
        <test-method signature="loginWithValidData(java.lang.String)[pri:0, instance:naveennarayananacademy.javatests.ApiTests@22555ebf]" started-at="2026-03-29T02:55:00 MDT" name="loginWithValidData" data-provider="POJO test data" finished-at="2026-03-29T02:55:01 MDT" duration-ms="1510" status="PASS">
          <params>
            <param index="0">
              <value>
                <![CDATA[{"email":"dimplekapadia@gmail.com","password":"Test1234"}]]>
              </value>
            </param>
          </params>
          <reporter-output>
          </reporter-output>
        </test-method> <!-- loginWithValidData -->
      </class> <!-- naveennarayananacademy.javatests.ApiTests -->
    </test> <!-- Default test -->
  </suite> <!-- Default suite -->
</testng-results>
