<?xml version="1.0" encoding="UTF-8"?>
<testng-results ignored="0" total="1" passed="1" failed="0" skipped="0">
  <reporter-output>
  </reporter-output>
  <suite started-at="2026-03-28T18:39:48 MDT" name="Default suite" finished-at="2026-03-28T18:39:50 MDT" duration-ms="1839">
    <groups>
    </groups>
    <test started-at="2026-03-28T18:39:48 MDT" name="Default test" finished-at="2026-03-28T18:39:50 MDT" duration-ms="1839">
      <class name="naveennarayananacademy.javatests.ApiTests">
        <test-method is-config="true" signature="setup()[pri:0, instance:naveennarayananacademy.javatests.ApiTests@62379589]" started-at="2026-03-28T18:39:48 MDT" name="setup" finished-at="2026-03-28T18:39:49 MDT" duration-ms="170" status="PASS">
          <reporter-output>
          </reporter-output>
        </test-method> <!-- setup -->
        <test-method signature="registerUserRegister_usingPOJO(java.lang.String)[pri:0, instance:naveennarayananacademy.javatests.ApiTests@62379589]" started-at="2026-03-28T18:39:49 MDT" name="registerUserRegister_usingPOJO" data-provider="POJO test data" finished-at="2026-03-28T18:39:50 MDT" duration-ms="1556" status="PASS">
          <params>
            <param index="0">
              <value>
                <![CDATA[{"name":"dimplekapadia1774744789132","email":"dimplekapadia+1774744789133@gmail.com","password":"Test1234"}]]>
              </value>
            </param>
          </params>
          <reporter-output>
          </reporter-output>
        </test-method> <!-- registerUserRegister_usingPOJO -->
      </class> <!-- naveennarayananacademy.javatests.ApiTests -->
    </test> <!-- Default test -->
  </suite> <!-- Default suite -->
</testng-results>
