<?xml version="1.0" encoding="UTF-8"?>
<!-- Generated by org.testng.reporters.JUnitXMLReporter -->
<testsuite ignored="0" hostname="Naveens-MacBook-Air.local" failures="0" tests="8" name="Test" time="0.035" errors="0" timestamp="2025-12-24T20:40:25 MST">
  <testcase classname="test.Day_One_Basics" name="Demo" time="0.004"/>
  <testcase classname="test.Day_One_Basics" name="Hello3" time="0.001"/>
  <testcase classname="test.Day_One_Basics" name="Hello4" time="0.001"/>
  <testcase classname="test.Day_One_Basics" name="secondTestDummy" time="0.0"/>
  <testcase classname="test.Day_One_Basics_2" name="Hello5" time="0.001"/>
  <testcase classname="test.Day_One_Basics_2" name="Hello6" time="0.001"/>
  <testcase classname="test.Day_One_Basics_2" name="Hello7" time="0.001"/>
  <testcase classname="test.Day_One_Basics_2" name="Hello8" time="0.0"/>
</testsuite> <!-- Test -->
